#
# There is insufficient memory for the Java Runtime Environment to continue.
# Native memory allocation (malloc) failed to allocate 1125392 bytes for Chunk::new
# Possible reasons:
#   The system is out of physical RAM or swap space
#   The process is running with CompressedOops enabled, and the Java Heap may be blocking the growth of the native heap
# Possible solutions:
#   Reduce memory load on the system
#   Increase physical memory or swap space
#   Check if swap backing store is full
#   Decrease Java heap size (-Xmx/-Xms)
#   Decrease number of Java threads
#   Decrease Java thread stack sizes (-Xss)
#   Set larger code cache with -XX:ReservedCodeCacheSize=
#   JVM is running with Zero Based Compressed Oops mode in which the Java heap is
#     placed in the first 32GB address space. The Java Heap base address is the
#     maximum limit for the native heap growth. Please use -XX:HeapBaseMinAddress
#     to set the Java Heap base and to place the Java Heap above 32GB virtual address.
# This output file may be truncated or incomplete.
#
#  Out of Memory Error (allocation.cpp:389), pid=27920, tid=0x00000000000029e8
#
# JRE version: Java(TM) SE Runtime Environment (8.0_221-b11) (build 1.8.0_221-b11)
# Java VM: Java HotSpot(TM) 64-Bit Server VM (25.221-b11 mixed mode windows-amd64 compressed oops)
# Failed to write core dump. Minidumps are not enabled by default on client versions of Windows
#

---------------  T H R E A D  ---------------

Current thread (0x000000001e832000):  JavaThread "C2 CompilerThread2" daemon [_thread_in_native, id=10728, stack(0x0000000020060000,0x0000000020160000)]

Stack: [0x0000000020060000,0x0000000020160000]
[error occurred during error reporting (printing stack bounds), id 0xc0000005]

Native frames: (J=compiled Java code, j=interpreted, Vv=VM code, C=native code)


Current CompileTask:
C2:   1143 2352   !   4       org.codehaus.plexus.interpolation.StringSearchInterpolator::interpolate (655 bytes)


---------------  P R O C E S S  ---------------

Java Threads: ( => current thread )
  0x000000001e8cf000 JavaThread "Service Thread" daemon [_thread_blocked, id=16308, stack(0x0000000020260000,0x0000000020360000)]
  0x000000001e834800 JavaThread "C1 CompilerThread3" daemon [_thread_blocked, id=26120, stack(0x0000000020160000,0x0000000020260000)]
=>0x000000001e832000 JavaThread "C2 CompilerThread2" daemon [_thread_in_native, id=10728, stack(0x0000000020060000,0x0000000020160000)]
  0x000000001e828800 JavaThread "C2 CompilerThread1" daemon [_thread_in_native, id=11616, stack(0x000000001ff60000,0x0000000020060000)]
  0x000000001e828000 JavaThread "C2 CompilerThread0" daemon [_thread_in_native, id=22472, stack(0x000000001fe60000,0x000000001ff60000)]
  0x000000001e813000 JavaThread "Monitor Ctrl-Break" daemon [_thread_in_native, id=30132, stack(0x000000001fd60000,0x000000001fe60000)]
  0x000000001e7a5800 JavaThread "Attach Listener" daemon [_thread_blocked, id=33088, stack(0x000000001fc60000,0x000000001fd60000)]
  0x000000001e809800 JavaThread "Signal Dispatcher" daemon [_thread_blocked, id=27280, stack(0x000000001fb60000,0x000000001fc60000)]
  0x000000001d0c3800 JavaThread "Finalizer" daemon [_thread_blocked, id=8372, stack(0x000000001fa00000,0x000000001fb00000)]
  0x000000001e793000 JavaThread "Reference Handler" daemon [_thread_blocked, id=30632, stack(0x000000001f900000,0x000000001fa00000)]
  0x00000000033a2800 JavaThread "main" [_thread_in_Java, id=18568, stack(0x00000000030a0000,0x00000000031a0000)]

Other Threads:
  0x000000001e772800 VMThread [stack: 0x000000001f800000,0x000000001f900000] [id=21276]
  0x000000001e908000 WatcherThread [stack: 0x0000000020360000,0x0000000020460000] [id=9048]

VM state:not at safepoint (normal execution)

VM Mutex/Monitor currently owned by a thread: None

heap address: 0x00000006c1c00000, size: 4068 MB, Compressed Oops mode: Zero based, Oop shift amount: 3
Narrow klass base: 0x0000000000000000, Narrow klass shift: 3
Compressed class space size: 1073741824 Address: 0x00000007c0000000

Heap:
 PSYoungGen      total 141824K, used 97205K [0x000000076b400000, 0x0000000774900000, 0x00000007c0000000)
  eden space 131072K, 65% used [0x000000076b400000,0x000000077086e4a0,0x0000000773400000)
  from space 10752K, 99% used [0x0000000773e80000,0x00000007748ff1c0,0x0000000774900000)
  to   space 10752K, 0% used [0x0000000773400000,0x0000000773400000,0x0000000773e80000)
 ParOldGen       total 175104K, used 1443K [0x00000006c1c00000, 0x00000006cc700000, 0x000000076b400000)
  object space 175104K, 0% used [0x00000006c1c00000,0x00000006c1d68d10,0x00000006cc700000)
 Metaspace       used 15709K, capacity 16036K, committed 16384K, reserved 1062912K
  class space    used 1869K, capacity 1952K, committed 2048K, reserved 1048576K

Card table byte_map: [0x0000000012860000,0x0000000013060000] byte_map_base: 0x000000000f252000

Marking Bits: (ParMarkBitMap*) 0x0000000066fd5ce0
 Begin Bits: [0x0000000013fb0000, 0x0000000017f40000)
 End Bits:   [0x0000000017f40000, 0x000000001bed0000)

Polling page: 0x0000000000bf0000

CodeCache: size=245760Kb used=9548Kb max_used=9548Kb free=236211Kb
 bounds [0x00000000034a0000, 0x0000000003e00000, 0x00000000124a0000]
 total_blobs=3080 nmethods=2734 adapters=257
 compilation: enabled

Compilation events (10 events):
Event: 1.134 Thread 0x000000001e834800 2741  s    3       org.eclipse.aether.internal.impl.ObjectPool::intern (50 bytes)
Event: 1.134 Thread 0x000000001e834800 nmethod 2741 0x0000000003df7550 code [0x0000000003df7720, 0x0000000003df8088]
Event: 1.135 Thread 0x000000001e834800 2742       3       java.util.Hashtable$EntrySet::<init> (6 bytes)
Event: 1.135 Thread 0x000000001e834800 nmethod 2742 0x0000000003df6f90 code [0x0000000003df7100, 0x0000000003df73f0]
Event: 1.135 Thread 0x000000001e834800 2743       3       java.util.Hashtable$EntrySet::<init> (10 bytes)
Event: 1.135 Thread 0x000000001e834800 nmethod 2743 0x0000000003df6a50 code [0x0000000003df6bc0, 0x0000000003df6e50]
Event: 1.136 Thread 0x000000001e834800 2744       3       org.eclipse.aether.internal.impl.DataPool$GraphKey::eq (22 bytes)
Event: 1.136 Thread 0x000000001e834800 nmethod 2744 0x0000000003df2950 code [0x0000000003df2ac0, 0x0000000003df2d68]
Event: 1.137 Thread 0x000000001e834800 2745       3       java.util.HashMap::put (13 bytes)
Event: 1.137 Thread 0x000000001e834800 nmethod 2745 0x0000000003dfbfd0 code [0x0000000003dfc160, 0x0000000003dfc518]

GC Heap History (4 events):
Event: 0.532 GC heap before
{Heap before GC invocations=1 (full 0):
 PSYoungGen      total 76288K, used 65536K [0x000000076b400000, 0x0000000770900000, 0x00000007c0000000)
  eden space 65536K, 100% used [0x000000076b400000,0x000000076f400000,0x000000076f400000)
  from space 10752K, 0% used [0x000000076fe80000,0x000000076fe80000,0x0000000770900000)
  to   space 10752K, 0% used [0x000000076f400000,0x000000076f400000,0x000000076fe80000)
 ParOldGen       total 175104K, used 0K [0x00000006c1c00000, 0x00000006cc700000, 0x000000076b400000)
  object space 175104K, 0% used [0x00000006c1c00000,0x00000006c1c00000,0x00000006cc700000)
 Metaspace       used 11476K, capacity 11726K, committed 11904K, reserved 1058816K
  class space    used 1438K, capacity 1543K, committed 1664K, reserved 1048576K
Event: 0.538 GC heap after
Heap after GC invocations=1 (full 0):
 PSYoungGen      total 76288K, used 9618K [0x000000076b400000, 0x0000000774900000, 0x00000007c0000000)
  eden space 65536K, 0% used [0x000000076b400000,0x000000076b400000,0x000000076f400000)
  from space 10752K, 89% used [0x000000076f400000,0x000000076fd64830,0x000000076fe80000)
  to   space 10752K, 0% used [0x0000000773e80000,0x0000000773e80000,0x0000000774900000)
 ParOldGen       total 175104K, used 16K [0x00000006c1c00000, 0x00000006cc700000, 0x000000076b400000)
  object space 175104K, 0% used [0x00000006c1c00000,0x00000006c1c04000,0x00000006cc700000)
 Metaspace       used 11476K, capacity 11726K, committed 11904K, reserved 1058816K
  class space    used 1438K, capacity 1543K, committed 1664K, reserved 1048576K
}
Event: 0.905 GC heap before
{Heap before GC invocations=2 (full 0):
 PSYoungGen      total 76288K, used 75154K [0x000000076b400000, 0x0000000774900000, 0x00000007c0000000)
  eden space 65536K, 100% used [0x000000076b400000,0x000000076f400000,0x000000076f400000)
  from space 10752K, 89% used [0x000000076f400000,0x000000076fd64830,0x000000076fe80000)
  to   space 10752K, 0% used [0x0000000773e80000,0x0000000773e80000,0x0000000774900000)
 ParOldGen       total 175104K, used 16K [0x00000006c1c00000, 0x00000006cc700000, 0x000000076b400000)
  object space 175104K, 0% used [0x00000006c1c00000,0x00000006c1c04000,0x00000006cc700000)
 Metaspace       used 15163K, capacity 15546K, committed 15872K, reserved 1062912K
  class space    used 1843K, capacity 1945K, committed 2048K, reserved 1048576K
Event: 0.913 GC heap after
Heap after GC invocations=2 (full 0):
 PSYoungGen      total 141824K, used 10748K [0x000000076b400000, 0x0000000774900000, 0x00000007c0000000)
  eden space 131072K, 0% used [0x000000076b400000,0x000000076b400000,0x0000000773400000)
  from space 10752K, 99% used [0x0000000773e80000,0x00000007748ff1c0,0x0000000774900000)
  to   space 10752K, 0% used [0x0000000773400000,0x0000000773400000,0x0000000773e80000)
 ParOldGen       total 175104K, used 1443K [0x00000006c1c00000, 0x00000006cc700000, 0x000000076b400000)
  object space 175104K, 0% used [0x00000006c1c00000,0x00000006c1d68d10,0x00000006cc700000)
 Metaspace       used 15163K, capacity 15546K, committed 15872K, reserved 1062912K
  class space    used 1843K, capacity 1945K, committed 2048K, reserved 1048576K
}

Deoptimization events (10 events):
Event: 1.026 Thread 0x00000000033a2800 Uncommon trap: reason=class_check action=maybe_recompile pc=0x0000000003ce65f4 method=org.codehaus.plexus.interpolation.MapBasedValueSource.getValue(Ljava/lang/String;)Ljava/lang/Object; @ 16
Event: 1.045 Thread 0x00000000033a2800 Uncommon trap: reason=class_check action=maybe_recompile pc=0x0000000003ce65f4 method=org.codehaus.plexus.interpolation.MapBasedValueSource.getValue(Ljava/lang/String;)Ljava/lang/Object; @ 16
Event: 1.045 Thread 0x00000000033a2800 Uncommon trap: reason=bimorphic action=maybe_recompile pc=0x0000000003a225c4 method=java.util.concurrent.ConcurrentHashMap.get(Ljava/lang/Object;)Ljava/lang/Object; @ 149
Event: 1.048 Thread 0x00000000033a2800 Uncommon trap: reason=bimorphic action=maybe_recompile pc=0x0000000003a225c4 method=java.util.concurrent.ConcurrentHashMap.get(Ljava/lang/Object;)Ljava/lang/Object; @ 149
Event: 1.050 Thread 0x00000000033a2800 Uncommon trap: reason=bimorphic action=maybe_recompile pc=0x0000000003a225c4 method=java.util.concurrent.ConcurrentHashMap.get(Ljava/lang/Object;)Ljava/lang/Object; @ 149
Event: 1.053 Thread 0x00000000033a2800 Uncommon trap: reason=bimorphic action=maybe_recompile pc=0x0000000003a225c4 method=java.util.concurrent.ConcurrentHashMap.get(Ljava/lang/Object;)Ljava/lang/Object; @ 149
Event: 1.073 Thread 0x00000000033a2800 Uncommon trap: reason=unstable_if action=reinterpret pc=0x0000000003c7333c method=org.apache.maven.model.io.xpp3.MavenXpp3Reader.nextTag(Lorg/codehaus/plexus/util/xml/pull/XmlPullParser;)I @ 9
Event: 1.118 Thread 0x00000000033a2800 Uncommon trap: reason=null_check action=make_not_entrant pc=0x0000000003da9560 method=org.apache.maven.model.validation.DefaultModelValidator.validateEffectiveDependency(Lorg/apache/maven/model/building/ModelProblemCollector;Lorg/apache/maven/model/Depend
Event: 1.121 Thread 0x00000000033a2800 Uncommon trap: reason=unstable_if action=reinterpret pc=0x00000000039e3610 method=java.util.LinkedHashMap.afterNodeInsertion(Z)V @ 18
Event: 1.135 Thread 0x00000000033a2800 Uncommon trap: reason=unstable_if action=reinterpret pc=0x000000000390e958 method=java.util.HashMap.putVal(ILjava/lang/Object;Ljava/lang/Object;ZZ)Ljava/lang/Object; @ 162

Classes redefined (0 events):
No events

Internal exceptions (10 events):
Event: 0.620 Thread 0x00000000033a2800 Exception <a 'java/lang/NoClassDefFoundError': com/google/inject/servlet/ServletModuleTargetVisitor> (0x000000076bdc1c78) thrown at [C:\re\workspace\8-2-build-windows-amd64-cygwin\jdk8u221\13320\hotspot\src\share\vm\classfile\systemDictionary.cpp, line 19
Event: 0.620 Thread 0x00000000033a2800 Exception <a 'java/lang/NoClassDefFoundError'> (0x000000076bdc1c78) thrown at [C:\re\workspace\8-2-build-windows-amd64-cygwin\jdk8u221\13320\hotspot\src\share\vm\prims\jvm.cpp, line 1506]
Event: 0.620 Thread 0x00000000033a2800 Exception <a 'java/lang/NoClassDefFoundError': javax/annotation/Priority> (0x000000076bdc6870) thrown at [C:\re\workspace\8-2-build-windows-amd64-cygwin\jdk8u221\13320\hotspot\src\share\vm\classfile\systemDictionary.cpp, line 199]
Event: 0.673 Thread 0x00000000033a2800 Implicit null exception at 0x000000000367cb9b to 0x000000000367cd8d
Event: 0.797 Thread 0x00000000033a2800 Implicit null exception at 0x0000000003a90cb1 to 0x0000000003a91fa9
Event: 0.929 Thread 0x00000000033a2800 Implicit null exception at 0x0000000003be4503 to 0x0000000003be474d
Event: 0.937 Thread 0x00000000033a2800 Implicit null exception at 0x000000000375e155 to 0x000000000375e359
Event: 0.937 Thread 0x00000000033a2800 Implicit null exception at 0x00000000038506af to 0x0000000003850719
Event: 0.960 Thread 0x00000000033a2800 Implicit null exception at 0x0000000003b8d98f to 0x0000000003b8dee9
Event: 1.118 Thread 0x00000000033a2800 Implicit null exception at 0x0000000003da7e67 to 0x0000000003da9551

Events (10 events):
Event: 1.073 Thread 0x00000000033a2800 DEOPT UNPACKING pc=0x00000000034e583b sp=0x000000000319cc38 mode 2
Event: 1.118 Thread 0x00000000033a2800 Uncommon trap: trap_request=0xfffffff4 fr.pc=0x0000000003da9560
Event: 1.118 Thread 0x00000000033a2800 DEOPT PACKING pc=0x0000000003da9560 sp=0x000000000319cbb0
Event: 1.118 Thread 0x00000000033a2800 DEOPT UNPACKING pc=0x00000000034e583b sp=0x000000000319cbb0 mode 2
Event: 1.121 Thread 0x00000000033a2800 Uncommon trap: trap_request=0xffffff65 fr.pc=0x00000000039e3610
Event: 1.121 Thread 0x00000000033a2800 DEOPT PACKING pc=0x00000000039e3610 sp=0x000000000319c9b0
Event: 1.121 Thread 0x00000000033a2800 DEOPT UNPACKING pc=0x00000000034e583b sp=0x000000000319c938 mode 2
Event: 1.135 Thread 0x00000000033a2800 Uncommon trap: trap_request=0xffffff65 fr.pc=0x000000000390e958
Event: 1.135 Thread 0x00000000033a2800 DEOPT PACKING pc=0x000000000390e958 sp=0x000000000319ce70
Event: 1.135 Thread 0x00000000033a2800 DEOPT UNPACKING pc=0x00000000034e583b sp=0x000000000319cd98 mode 2


Dynamic libraries:
0x00007ff687350000 - 0x00007ff687387000 	C:\Program Files\Java\jdk1.8.0_221\bin\java.exe
0x00007ffcac9c0000 - 0x00007ffcacbb0000 	C:\WINDOWS\SYSTEM32\ntdll.dll
0x00007ffcac8c0000 - 0x00007ffcac972000 	C:\WINDOWS\System32\KERNEL32.DLL
0x00007ffca9950000 - 0x00007ffca9bf3000 	C:\WINDOWS\System32\KERNELBASE.dll
0x00007ffcac170000 - 0x00007ffcac213000 	C:\WINDOWS\System32\ADVAPI32.dll
0x00007ffcabad0000 - 0x00007ffcabb6e000 	C:\WINDOWS\System32\msvcrt.dll
0x00007ffcaba30000 - 0x00007ffcabac7000 	C:\WINDOWS\System32\sechost.dll
0x00007ffcaaa70000 - 0x00007ffcaab90000 	C:\WINDOWS\System32\RPCRT4.dll
0x00007ffcac2f0000 - 0x00007ffcac484000 	C:\WINDOWS\System32\USER32.dll
0x00007ffcaaa40000 - 0x00007ffcaaa61000 	C:\WINDOWS\System32\win32u.dll
0x00007ffcac570000 - 0x00007ffcac596000 	C:\WINDOWS\System32\GDI32.dll
0x00007ffca9da0000 - 0x00007ffca9f34000 	C:\WINDOWS\System32\gdi32full.dll
0x00007ffca9ff0000 - 0x00007ffcaa08e000 	C:\WINDOWS\System32\msvcp_win.dll
0x00007ffcaa940000 - 0x00007ffcaaa3a000 	C:\WINDOWS\System32\ucrtbase.dll
0x00007ffc9db10000 - 0x00007ffc9dd95000 	C:\WINDOWS\WinSxS\amd64_microsoft.windows.common-controls_6595b64144ccf1df_6.0.18362.418_none_e6c6b287130d565d\COMCTL32.dll
0x00007ffcaad40000 - 0x00007ffcab076000 	C:\WINDOWS\System32\combase.dll
0x00007ffcaa0c0000 - 0x00007ffcaa140000 	C:\WINDOWS\System32\bcryptPrimitives.dll
0x00007ffcab310000 - 0x00007ffcab33e000 	C:\WINDOWS\System32\IMM32.DLL
0x000000006a290000 - 0x000000006a362000 	C:\Program Files\Java\jdk1.8.0_221\jre\bin\msvcr100.dll
0x00000000667b0000 - 0x0000000067055000 	C:\Program Files\Java\jdk1.8.0_221\jre\bin\server\jvm.dll
0x00007ffcac160000 - 0x00007ffcac168000 	C:\WINDOWS\System32\PSAPI.DLL
0x00007ffca5850000 - 0x00007ffca5859000 	C:\WINDOWS\SYSTEM32\WSOCK32.dll
0x00007ffc9bb10000 - 0x00007ffc9bb34000 	C:\WINDOWS\SYSTEM32\WINMM.dll
0x00007ffca5dd0000 - 0x00007ffca5dda000 	C:\WINDOWS\SYSTEM32\VERSION.dll
0x00007ffcabc80000 - 0x00007ffcabcef000 	C:\WINDOWS\System32\WS2_32.dll
0x00007ffca1150000 - 0x00007ffca117d000 	C:\WINDOWS\SYSTEM32\WINMMBASE.dll
0x00007ffca9d50000 - 0x00007ffca9d9a000 	C:\WINDOWS\System32\cfgmgr32.dll
0x00007ffca48c0000 - 0x00007ffca48cf000 	C:\Program Files\Java\jdk1.8.0_221\jre\bin\verify.dll
0x00007ffca4650000 - 0x00007ffca4679000 	C:\Program Files\Java\jdk1.8.0_221\jre\bin\java.dll
0x00007ffca4580000 - 0x00007ffca45a3000 	C:\Program Files\Java\jdk1.8.0_221\jre\bin\instrument.dll
0x00007ffca4630000 - 0x00007ffca4646000 	C:\Program Files\Java\jdk1.8.0_221\jre\bin\zip.dll
0x00007ffcab340000 - 0x00007ffcaba25000 	C:\WINDOWS\System32\SHELL32.dll
0x00007ffcab0a0000 - 0x00007ffcab149000 	C:\WINDOWS\System32\shcore.dll
0x00007ffcaa160000 - 0x00007ffcaa8df000 	C:\WINDOWS\System32\windows.storage.dll
0x00007ffca98c0000 - 0x00007ffca98df000 	C:\WINDOWS\System32\profapi.dll
0x00007ffca98e0000 - 0x00007ffca992a000 	C:\WINDOWS\System32\powrprof.dll
0x00007ffca9890000 - 0x00007ffca98a0000 	C:\WINDOWS\System32\UMPDC.dll
0x00007ffcac510000 - 0x00007ffcac562000 	C:\WINDOWS\System32\shlwapi.dll
0x00007ffca98a0000 - 0x00007ffca98b1000 	C:\WINDOWS\System32\kernel.appcore.dll
0x00007ffcaa140000 - 0x00007ffcaa157000 	C:\WINDOWS\System32\cryptsp.dll
0x00007ffca5830000 - 0x00007ffca584a000 	D:\IntelliJ IDEA 2018.1.5\bin\breakgen64.dll
0x00007ffca3c70000 - 0x00007ffca3c8a000 	C:\Program Files\Java\jdk1.8.0_221\jre\bin\net.dll
0x00007ffc9ffd0000 - 0x00007ffca01a6000 	C:\WINDOWS\SYSTEM32\urlmon.dll
0x00007ffc9fb50000 - 0x00007ffc9fdf6000 	C:\WINDOWS\SYSTEM32\iertutil.dll
0x00007ffca92d0000 - 0x00007ffca92dc000 	C:\WINDOWS\SYSTEM32\CRYPTBASE.DLL
0x00007ffca9100000 - 0x00007ffca9167000 	C:\WINDOWS\system32\mswsock.dll
0x00007ffc9f9b0000 - 0x00007ffc9f9c2000 	C:\Program Files\Java\jdk1.8.0_221\jre\bin\nio.dll

VM Arguments:
jvm_args: -Dmaven.multiModuleProjectDirectory=F:\MY_PRO -Dmaven.home=D:\IntelliJ IDEA 2018.1.5\plugins\maven\lib\maven3 -Dclassworlds.conf=D:\IntelliJ IDEA 2018.1.5\plugins\maven\lib\maven3\bin\m2.conf -javaagent:D:\IntelliJ IDEA 2018.1.5\lib\idea_rt.jar=63647:D:\IntelliJ IDEA 2018.1.5\bin -Dfile.encoding=UTF-8 
java_command: org.codehaus.classworlds.Launcher -Didea.version=2018.1.8 -s D:\apache-maven-3.6.1\conf\settings.xml -Dmaven.repo.local=D:\apache-maven-3.6.1\repo package -f pom.xml
java_class_path (initial): D:\IntelliJ IDEA 2018.1.5\plugins\maven\lib\maven3\boot\plexus-classworlds-2.5.2.jar;D:\IntelliJ IDEA 2018.1.5\lib\idea_rt.jar
Launcher Type: SUN_STANDARD

Environment Variables:
JAVA_HOME=C:\Program Files\Java\jdk1.8.0_221
CLASSPATH=.;C:\Program Files\Java\jdk1.8.0_221\lib;C:\Program Files\Java\jdk1.8.0_221\lib\dt.jar;C:\Program Files\Java\jdk1.8.0_221\lib\tools.jar
PATH=C:\Program Files (x86)\Common Files\Oracle\Java\javapath;C:\WINDOWS\system32;C:\WINDOWS;C:\WINDOWS\System32\Wbem;C:\WINDOWS\System32\WindowsPowerShell\v1.0\;C:\WINDOWS\System32\OpenSSH\;C:\Program Files\Java\jdk1.8.0_221\bin;C:\Program Files\Java\jdk1.8.0_221\jre\bin;D:\gradle-5.4\bin:D:\apache-maven-3.6.1\bin;D:\apache-maven-3.6.1\bin;D:\putty\;D:\svn\bin;D:\nodejs\;C:\Users\19108\AppData\Local\Programs\Python\Python37\Scripts\;C:\Users\19108\AppData\Local\Programs\Python\Python37\;C:\Users\19108\AppData\Local\Microsoft\WindowsApps;C:\Users\19108\AppData\Roaming\npm;D:\PyCharm 2019.2\bin;;
USERNAME=19108
OS=Windows_NT
PROCESSOR_IDENTIFIER=Intel64 Family 6 Model 158 Stepping 10, GenuineIntel



---------------  S Y S T E M  ---------------

OS: Windows 10.0 , 64 bit Build 18362 (10.0.18362.329)

CPU:total 12 (initial active 12) (6 cores per cpu, 2 threads per core) family 6 model 158 stepping 10, cmov, cx8, fxsr, mmx, sse, sse2, sse3, ssse3, sse4.1, sse4.2, popcnt, avx, avx2, aes, clmul, erms, rtm, 3dnowpref, lzcnt, ht, tsc, tscinvbit, bmi1, bmi2, adx

Memory: 4k page, physical 16656324k(2773024k free), swap 32122176k(5896k free)

vm_info: Java HotSpot(TM) 64-Bit Server VM (25.221-b11) for windows-amd64 JRE (1.8.0_221-b11), built on Jul  4 2019 04:39:29 by "java_re" with MS VC++ 10.0 (VS2010)

time: Thu Oct 17 19:49:35 2019
timezone: 中国标准时间
elapsed time: 1 seconds (0d 0h 0m 1s)

